android/app/proguard-rules.pro
#Flutter Wrapper
-keep class io.flutter.app.** { *; }
-keep class io.flutter.plugin.**  { *; }
-keep class io.flutter.util.**  { *; }
-keep class io.flutter.view.**  { *; }
-keep class io.flutter.**  { *; }
-keep class io.flutter.plugins.**  { *; }

-keep class com.google.firebase.** { *; }
-dontwarn io.flutter.embedding.**
-dontwarn com.gemalto.jp2.JP2Decoder
-ignorewarnings

-keep class androidx.lifecycle.DefaultLifecycleObserver