build/app/outputs/mapping/release/seeds.txt
com.nottechat.ai.MainActivity
com.nottechat.ai.MainActivity: MainActivity()
...
io.flutter.plugins.webviewflutter.PigeonApiWebViewClient: void onPageStarted$lambda$1(kotlin.jvm.functions.Function1,java.lang.String,java.lang.Object)
com.google.firebase.crashlytics.internal.metadata.UserMetadata: com.google.firebase.crashlytics.internal.metadata.MetaDataStore access$200(com.google.firebase.crashlytics.internal.metadata.UserMetadata)
com.google.firebase.AutoValue_StartupTime: boolean equals(java.lang.Object)
io.flutter.plugins.webviewflutter.PigeonApiWebResourceRequest: io.flutter.plugins.webviewflutter.AndroidWebkitLibraryPigeonProxyApiRegistrar getPigeonRegistrar()
io.flutter.plugins.sharedpreferences.SharedPreferencesPlugin$getValueByKey$$inlined$map$1$2$1: SharedPreferencesPlugin$getValueByKey$$inlined$map$1$2$1(io.flutter.plugins.sharedpreferences.SharedPreferencesPlugin$getValueByKey$$inlined$map$1$2,kotlin.coroutines.Continuation)
com.google.firebase.installations.remote.TokenResult$Builder: TokenResult$Builder()
io.flutter.plugin.platform.ImageReaderPlatformViewRenderTarget: android.view.Surface getSurface()
io.flutter.embedding.android.FlutterFragment: java.lang.String getCachedEngineGroupId()
androidx.fragment.app.Fragment: void performCreateView(android.view.LayoutInflater,android.view.ViewGroup,android.os.Bundle)
io.flutter.plugins.firebase.core.GeneratedAndroidFirebaseCore$PigeonFirebaseOptions: java.lang.String getApiKey()
io.flutter.embedding.android.FlutterActivityAndFragmentDelegate: void delayFirstAndroidViewDraw(io.flutter.embedding.android.FlutterView)
io.flutter.plugin.platform.SurfaceTexturePlatformViewRenderTarget$1: void onTrimMemory(int)
io.flutter.plugins.pathprovider.Messages$PathProviderApi: java.util.List getExternalCachePaths()
com.shockwave.pdfium.PdfiumCore: java.lang.Integer nativeGetDestPageIndex(long,long)
io.flutter.plugins.firebase.core.GeneratedAndroidFirebaseCore$PigeonInitializeResponse$Builder: io.flutter.plugins.firebase.core.GeneratedAndroidFirebaseCore$PigeonInitializeResponse build()
io.flutter.embedding.android.FlutterSurfaceView$1: void surfaceDestroyed(android.view.SurfaceHolder)
io.flutter.plugins.flutter_plugin_android_lifecycle.FlutterAndroidLifecyclePlugin: FlutterAndroidLifecyclePlugin()
io.flutter.plugins.firebase.analytics.FlutterFirebaseAnalyticsPlugin: void initInstance(io.flutter.plugin.common.BinaryMessenger,android.content.Context)
io.flutter.view.AccessibilityBridge$StringAttributeType: io.flutter.view.AccessibilityBridge$StringAttributeType[] values()
com.google.firebase.crashlytics.internal.model.CrashlyticsReport$Session$Event: CrashlyticsReport$Session$Event()
io.flutter.embedding.android.FlutterActivity: android.content.Intent createDefaultIntent(android.content.Context)
io.flutter.embedding.engine.FlutterJNI: void setRefreshRateFPS(float)
com.google.firebase.components.ComponentDiscovery: com.google.firebase.components.ComponentRegistrar lambda$discoverLazy$0(java.lang.String)
androidx.appcompat.widget.SearchView: void setQueryHint(java.lang.CharSequence)
io.flutter.embedding.engine.FlutterEngineConnectionRegistry$FlutterEngineActivityPluginBinding: android.app.Activity getActivity()
com.google.firebase.crashlytics.internal.common.CrashlyticsAppQualitySessionsSubscriber: boolean isDataCollectionEnabled()
io.flutter.plugins.webviewflutter.PigeonApiWebChromeClient: void onJsConfirm$lambda$9(kotlin.jvm.functions.Function1,java.lang.String,java.lang.Object)
com.google.firebase.sessions.SessionInfo: java.lang.String getFirstSessionId()
io.flutter.embedding.android.FlutterFragment: void onAttach(android.content.Context)
androidx.appcompat.widget.LinearLayoutCompat: int getGravity()
com.google.firebase.crashlytics.internal.settings.SettingsController: com.google.android.gms.tasks.Task getSettingsAsync()
com.google.firebase.sessions.SessionInfo: java.lang.String getFirebaseAuthenticationToken()
com.google.android.gms.ads.nonagon.signalgeneration.TaggingLibraryJsInterface: java.lang.String getViewSignalsWithTimeout(int)