build/app/outputs/mapping/release/usage.txt
com.nottechat.ai.R$drawable
com.nottechat.ai.R$mipmap
com.nottechat.ai.R$string
com.nottechat.ai.R$style
com.nottechat.ai.R
...
com.google.android.gms.internal.ads.zzeyr
com.google.android.gms.internal.ads.zzeys
com.google.android.gms.internal.ads.zzeyt
com.google.android.gms.internal.ads.zzeyu
com.google.android.gms.internal.ads.zzeyv
com.google.android.gms.internal.ads.zzeyy
com.google.android.gms.internal.ads.zzeyz
com.google.android.gms.internal.ads.zzeza
com.google.android.gms.internal.ads.zzezb
com.google.android.gms.internal.ads.zzezc
com.google.android.gms.internal.ads.zzezd
com.google.android.gms.internal.ads.zzeze
com.google.android.gms.internal.ads.zzezf
com.google.android.gms.internal.ads.zzezg
com.google.android.gms.internal.ads.zzezh
com.google.android.gms.internal.ads.zzezi:
    public final void zzg(com.google.android.gms.ads.rewarded.OnAdMetadataChangedListener)
    public static void zzi$6()
    public static void zzj$1()
    public static void zzk$5()
    public final void zzl(com.google.android.gms.internal.ads.zzext)
    public final void zzm(com.google.android.gms.internal.ads.zzbvg)
    public static void zzn$4()
    public static void zzo$6()
com.google.android.gms.internal.ads.zzezr
com.google.android.gms.internal.ads.zzezs:
    public final boolean zza()
    public final void zzj(int)
com.google.android.gms.internal.ads.zzezy
com.google.android.gms.internal.ads.zzezz
com.google.android.gms.internal.ads.zzf:
    public final int zza
com.google.android.gms.internal.ads.zzfac:
    public final android.os.Bundle zzb()
    public final void zze()
    public final void zzh()
    public final void zzj()
    public final void zzl$2()
    public final synchronized void zzn(boolean)
    public final void zzo$3()
    public final boolean zzs$1()
    public final boolean zzt()
    public final void zzu$3()
com.google.android.gms.internal.ads.zzfae:
    public static void zza()
    public static boolean zzd()
com.google.android.gms.internal.ads.zzfah:
    public static java.lang.String zza()
com.google.android.gms.internal.ads.zzfai:
    public static final long zza(double)
com.google.android.gms.internal.ads.zzfal:
    public static com.google.android.gms.internal.ads.zzfal zza()
com.google.android.gms.internal.ads.zzfam
com.google.android.gms.internal.ads.zzfav:
    public static com.google.android.gms.internal.ads.zzfav zza()
com.google.android.gms.internal.ads.zzfax:
    public static com.google.android.gms.internal.ads.zzfax zza()
com.google.android.gms.internal.ads.zzfay:
    public static com.google.android.gms.internal.ads.zzfay zzA()
    public static com.google.android.gms.internal.ads.zzfay zzB()
    public static com.google.android.gms.internal.ads.zzfay zzC()
    public static com.google.android.gms.internal.ads.zzfay zzD()
    public static com.google.android.gms.internal.ads.zzfay zzE()
    public static com.google.android.gms.internal.ads.zzfay zzF()
    public final void zzG(com.google.android.gms.ads.formats.PublisherAdViewOptions)
    public static com.google.android.gms.internal.ads.zzfay zzH()
    public static com.google.android.gms.internal.ads.zzfay zzI()
    public static java.lang.String zzL()
    public static boolean zzS()
    public static boolean zzT()
    public static com.google.android.gms.internal.ads.zzfay zzV()
    public static com.google.android.gms.ads.internal.client.zzm zzf()
    public static com.google.android.gms.ads.internal.client.zzr zzh()
    public static com.google.android.gms.internal.ads.zzfal zzp()
    public static com.google.android.gms.internal.ads.zzfay zzq()
    public final void zzr(com.google.android.gms.ads.formats.AdManagerAdViewOptions)
    public static com.google.android.gms.internal.ads.zzfay zzs()
    public static com.google.android.gms.internal.ads.zzfay zzt()
    public static com.google.android.gms.internal.ads.zzfay zzu()
    public static com.google.android.gms.internal.ads.zzfay zzv()
com.google.android.gms.internal.ads.zzfaz
com.google.android.gms.internal.ads.zzfbb
com.google.android.gms.internal.ads.zzfbc